Determining if the pthread_create exist failed with the following output:
Change Dir: /home/wamsi/raidStorage/myarrow/build/CMakeFiles/CMakeTmp

Run Build Command:"/usr/local/bin/ninja" "cmTC_f7430"
[1/2] Building CXX object CMakeFiles/cmTC_f7430.dir/CheckSymbolExists.cxx.o
[2/2] Linking CXX executable cmTC_f7430
FAILED: cmTC_f7430 
: && /usr/bin/c++  -Wall   CMakeFiles/cmTC_f7430.dir/CheckSymbolExists.cxx.o  -o cmTC_f7430   && :
/usr/bin/ld: CMakeFiles/cmTC_f7430.dir/CheckSymbolExists.cxx.o: in function `main':
CheckSymbolExists.cxx:(.text+0x1b): undefined reference to `pthread_create'
collect2: error: ld returned 1 exit status
ninja: build stopped: subcommand failed.

File /home/wamsi/raidStorage/myarrow/build/CMakeFiles/CMakeTmp/CheckSymbolExists.cxx:
/* */
#include <pthread.h>

int main(int argc, char** argv)
{
  (void)argv;
#ifndef pthread_create
  return ((int*)(&pthread_create))[argc];
#else
  (void)argc;
  return 0;
#endif
}

Determining if the function pthread_create exists in the pthreads failed with the following output:
Change Dir: /home/wamsi/raidStorage/myarrow/build/CMakeFiles/CMakeTmp

Run Build Command:"/usr/local/bin/ninja" "cmTC_5dd14"
[1/2] Building CXX object CMakeFiles/cmTC_5dd14.dir/CheckFunctionExists.cxx.o
[2/2] Linking CXX executable cmTC_5dd14
FAILED: cmTC_5dd14 
: && /usr/bin/c++  -Wall -DCHECK_FUNCTION_EXISTS=pthread_create   CMakeFiles/cmTC_5dd14.dir/CheckFunctionExists.cxx.o  -o cmTC_5dd14  -lpthreads && :
/usr/bin/ld: cannot find -lpthreads
collect2: error: ld returned 1 exit status
ninja: build stopped: subcommand failed.


